{"/Users/davidhelmer/Work/NodeJS/fetch-salesforce/build/index.js": {"path":"/Users/davidhelmer/Work/NodeJS/fetch-salesforce/build/index.js","statementMap":{"0":{"start":{"line":2,"column":26},"end":{"line":2,"column":58}},"1":{"start":{"line":3,"column":0},"end":{"line":3,"column":60}}},"fnMap":{},"branchMap":{},"s":{"0":1,"1":1},"f":{},"b":{},"_coverageSchema":"332fd63041d2c1bcb487cc26dd0d5f7d97098a6c","hash":"42dce691a3a69ed856c009dbcbf63dccbde98580"}
,"/Users/davidhelmer/Work/NodeJS/fetch-salesforce/build/lib/fetchApexREST.js": {"path":"/Users/davidhelmer/Work/NodeJS/fetch-salesforce/build/lib/fetchApexREST.js","statementMap":{"0":{"start":{"line":2,"column":14},"end":{"line":2,"column":33}},"1":{"start":{"line":5,"column":8},"end":{"line":5,"column":31}},"2":{"start":{"line":6,"column":8},"end":{"line":6,"column":31}},"3":{"start":{"line":7,"column":8},"end":{"line":7,"column":41}},"4":{"start":{"line":10,"column":8},"end":{"line":10,"column":51}},"5":{"start":{"line":13,"column":8},"end":{"line":13,"column":77}},"6":{"start":{"line":16,"column":23},"end":{"line":16,"column":65}},"7":{"start":{"line":17,"column":27},"end":{"line":19,"column":9}},"8":{"start":{"line":20,"column":8},"end":{"line":20,"column":62}},"9":{"start":{"line":23,"column":8},"end":{"line":23,"column":59}},"10":{"start":{"line":26,"column":23},"end":{"line":26,"column":56}},"11":{"start":{"line":27,"column":23},"end":{"line":27,"column":43}},"12":{"start":{"line":28,"column":27},"end":{"line":32,"column":9}},"13":{"start":{"line":33,"column":8},"end":{"line":33,"column":62}},"14":{"start":{"line":36,"column":23},"end":{"line":36,"column":43}},"15":{"start":{"line":37,"column":23},"end":{"line":37,"column":56}},"16":{"start":{"line":38,"column":27},"end":{"line":42,"column":9}},"17":{"start":{"line":43,"column":8},"end":{"line":43,"column":62}},"18":{"start":{"line":46,"column":23},"end":{"line":46,"column":56}},"19":{"start":{"line":47,"column":27},"end":{"line":49,"column":9}},"20":{"start":{"line":50,"column":8},"end":{"line":50,"column":62}},"21":{"start":{"line":53,"column":0},"end":{"line":53,"column":38}}},"fnMap":{"0":{"name":"(anonymous_0)","decl":{"start":{"line":4,"column":4},"end":{"line":4,"column":5}},"loc":{"start":{"line":4,"column":34},"end":{"line":8,"column":5}}},"1":{"name":"(anonymous_1)","decl":{"start":{"line":9,"column":4},"end":{"line":9,"column":5}},"loc":{"start":{"line":9,"column":36},"end":{"line":11,"column":5}}},"2":{"name":"(anonymous_2)","decl":{"start":{"line":12,"column":4},"end":{"line":12,"column":5}},"loc":{"start":{"line":12,"column":32},"end":{"line":14,"column":5}}},"3":{"name":"(anonymous_3)","decl":{"start":{"line":15,"column":4},"end":{"line":15,"column":5}},"loc":{"start":{"line":15,"column":22},"end":{"line":21,"column":5}}},"4":{"name":"(anonymous_4)","decl":{"start":{"line":22,"column":4},"end":{"line":22,"column":5}},"loc":{"start":{"line":22,"column":33},"end":{"line":24,"column":5}}},"5":{"name":"(anonymous_5)","decl":{"start":{"line":25,"column":4},"end":{"line":25,"column":5}},"loc":{"start":{"line":25,"column":29},"end":{"line":34,"column":5}}},"6":{"name":"(anonymous_6)","decl":{"start":{"line":35,"column":4},"end":{"line":35,"column":5}},"loc":{"start":{"line":35,"column":30},"end":{"line":44,"column":5}}},"7":{"name":"(anonymous_7)","decl":{"start":{"line":45,"column":4},"end":{"line":45,"column":5}},"loc":{"start":{"line":45,"column":25},"end":{"line":51,"column":5}}}},"branchMap":{},"s":{"0":3,"1":10,"2":10,"3":10,"4":10,"5":10,"6":1,"7":1,"8":1,"9":4,"10":1,"11":1,"12":1,"13":1,"14":1,"15":1,"16":1,"17":1,"18":1,"19":1,"20":1,"21":3},"f":{"0":10,"1":10,"2":10,"3":1,"4":4,"5":1,"6":1,"7":1},"b":{},"_coverageSchema":"332fd63041d2c1bcb487cc26dd0d5f7d97098a6c","hash":"c0350bcd35820c21a42b25ba38c70f7e6b8273ed"}
,"/Users/davidhelmer/Work/NodeJS/fetch-salesforce/build/lib/fetchChatter.js": {"path":"/Users/davidhelmer/Work/NodeJS/fetch-salesforce/build/lib/fetchChatter.js","statementMap":{"0":{"start":{"line":2,"column":14},"end":{"line":2,"column":33}},"1":{"start":{"line":3,"column":28},"end":{"line":3,"column":58}},"2":{"start":{"line":6,"column":8},"end":{"line":6,"column":31}},"3":{"start":{"line":7,"column":8},"end":{"line":7,"column":31}},"4":{"start":{"line":8,"column":8},"end":{"line":10,"column":9}},"5":{"start":{"line":9,"column":12},"end":{"line":9,"column":74}},"6":{"start":{"line":11,"column":8},"end":{"line":11,"column":40}},"7":{"start":{"line":14,"column":8},"end":{"line":14,"column":50}},"8":{"start":{"line":17,"column":25},"end":{"line":17,"column":86}},"9":{"start":{"line":18,"column":8},"end":{"line":18,"column":157}},"10":{"start":{"line":21,"column":8},"end":{"line":21,"column":34}},"11":{"start":{"line":22,"column":23},"end":{"line":22,"column":82}},"12":{"start":{"line":23,"column":27},"end":{"line":26,"column":9}},"13":{"start":{"line":27,"column":8},"end":{"line":27,"column":62}},"14":{"start":{"line":30,"column":8},"end":{"line":32,"column":9}},"15":{"start":{"line":31,"column":12},"end":{"line":31,"column":67}},"16":{"start":{"line":35,"column":8},"end":{"line":35,"column":34}},"17":{"start":{"line":36,"column":23},"end":{"line":36,"column":68}},"18":{"start":{"line":37,"column":23},"end":{"line":37,"column":43}},"19":{"start":{"line":38,"column":27},"end":{"line":42,"column":9}},"20":{"start":{"line":43,"column":8},"end":{"line":43,"column":62}},"21":{"start":{"line":46,"column":0},"end":{"line":46,"column":36}}},"fnMap":{"0":{"name":"(anonymous_0)","decl":{"start":{"line":5,"column":4},"end":{"line":5,"column":5}},"loc":{"start":{"line":5,"column":34},"end":{"line":12,"column":5}}},"1":{"name":"(anonymous_1)","decl":{"start":{"line":13,"column":4},"end":{"line":13,"column":5}},"loc":{"start":{"line":13,"column":36},"end":{"line":15,"column":5}}},"2":{"name":"(anonymous_2)","decl":{"start":{"line":16,"column":4},"end":{"line":16,"column":5}},"loc":{"start":{"line":16,"column":31},"end":{"line":19,"column":5}}},"3":{"name":"(anonymous_3)","decl":{"start":{"line":20,"column":4},"end":{"line":20,"column":5}},"loc":{"start":{"line":20,"column":11},"end":{"line":28,"column":5}}},"4":{"name":"(anonymous_4)","decl":{"start":{"line":29,"column":4},"end":{"line":29,"column":5}},"loc":{"start":{"line":29,"column":25},"end":{"line":33,"column":5}}},"5":{"name":"(anonymous_5)","decl":{"start":{"line":34,"column":4},"end":{"line":34,"column":5}},"loc":{"start":{"line":34,"column":15},"end":{"line":44,"column":5}}}},"branchMap":{"0":{"loc":{"start":{"line":8,"column":8},"end":{"line":10,"column":9}},"type":"if","locations":[{"start":{"line":8,"column":8},"end":{"line":10,"column":9}},{"start":{"line":8,"column":8},"end":{"line":10,"column":9}}]},"1":{"loc":{"start":{"line":30,"column":8},"end":{"line":32,"column":9}},"type":"if","locations":[{"start":{"line":30,"column":8},"end":{"line":32,"column":9}},{"start":{"line":30,"column":8},"end":{"line":32,"column":9}}]}},"s":{"0":3,"1":3,"2":12,"3":12,"4":12,"5":8,"6":12,"7":12,"8":12,"9":12,"10":2,"11":1,"12":1,"13":1,"14":4,"15":2,"16":2,"17":1,"18":1,"19":1,"20":1,"21":3},"f":{"0":12,"1":12,"2":12,"3":2,"4":4,"5":2},"b":{"0":[8,4],"1":[2,2]},"_coverageSchema":"332fd63041d2c1bcb487cc26dd0d5f7d97098a6c","hash":"41de65772356543601c8349b19c1ffce337c651b"}
,"/Users/davidhelmer/Work/NodeJS/fetch-salesforce/build/lib/fetchQuery.js": {"path":"/Users/davidhelmer/Work/NodeJS/fetch-salesforce/build/lib/fetchQuery.js","statementMap":{"0":{"start":{"line":2,"column":14},"end":{"line":2,"column":33}},"1":{"start":{"line":3,"column":28},"end":{"line":3,"column":58}},"2":{"start":{"line":4,"column":20},"end":{"line":4,"column":42}},"3":{"start":{"line":7,"column":8},"end":{"line":7,"column":31}},"4":{"start":{"line":8,"column":8},"end":{"line":8,"column":31}},"5":{"start":{"line":9,"column":8},"end":{"line":9,"column":37}},"6":{"start":{"line":12,"column":8},"end":{"line":12,"column":48}},"7":{"start":{"line":15,"column":25},"end":{"line":15,"column":86}},"8":{"start":{"line":16,"column":8},"end":{"line":16,"column":90}},"9":{"start":{"line":19,"column":27},"end":{"line":19,"column":72}},"10":{"start":{"line":20,"column":23},"end":{"line":20,"column":71}},"11":{"start":{"line":21,"column":27},"end":{"line":24,"column":9}},"12":{"start":{"line":25,"column":8},"end":{"line":25,"column":62}},"13":{"start":{"line":28,"column":0},"end":{"line":28,"column":32}}},"fnMap":{"0":{"name":"(anonymous_0)","decl":{"start":{"line":6,"column":4},"end":{"line":6,"column":5}},"loc":{"start":{"line":6,"column":34},"end":{"line":10,"column":5}}},"1":{"name":"(anonymous_1)","decl":{"start":{"line":11,"column":4},"end":{"line":11,"column":5}},"loc":{"start":{"line":11,"column":36},"end":{"line":13,"column":5}}},"2":{"name":"(anonymous_2)","decl":{"start":{"line":14,"column":4},"end":{"line":14,"column":5}},"loc":{"start":{"line":14,"column":28},"end":{"line":17,"column":5}}},"3":{"name":"(anonymous_3)","decl":{"start":{"line":18,"column":4},"end":{"line":18,"column":5}},"loc":{"start":{"line":18,"column":21},"end":{"line":26,"column":5}}}},"branchMap":{},"s":{"0":3,"1":3,"2":3,"3":7,"4":7,"5":7,"6":7,"7":7,"8":7,"9":1,"10":1,"11":1,"12":1,"13":3},"f":{"0":7,"1":7,"2":7,"3":1},"b":{},"_coverageSchema":"332fd63041d2c1bcb487cc26dd0d5f7d97098a6c","hash":"bc2537d7118ef33bbc1ac2b9fb32f0e06284156c"}
,"/Users/davidhelmer/Work/NodeJS/fetch-salesforce/build/lib/fetchSObject.js": {"path":"/Users/davidhelmer/Work/NodeJS/fetch-salesforce/build/lib/fetchSObject.js","statementMap":{"0":{"start":{"line":2,"column":28},"end":{"line":2,"column":58}},"1":{"start":{"line":3,"column":14},"end":{"line":3,"column":33}},"2":{"start":{"line":6,"column":8},"end":{"line":6,"column":31}},"3":{"start":{"line":7,"column":8},"end":{"line":7,"column":31}},"4":{"start":{"line":8,"column":8},"end":{"line":8,"column":37}},"5":{"start":{"line":11,"column":8},"end":{"line":11,"column":50}},"6":{"start":{"line":14,"column":25},"end":{"line":14,"column":86}},"7":{"start":{"line":15,"column":8},"end":{"line":15,"column":90}},"8":{"start":{"line":18,"column":23},"end":{"line":18,"column":54}},"9":{"start":{"line":19,"column":23},"end":{"line":19,"column":43}},"10":{"start":{"line":20,"column":27},"end":{"line":24,"column":9}},"11":{"start":{"line":25,"column":8},"end":{"line":25,"column":62}},"12":{"start":{"line":28,"column":8},"end":{"line":28,"column":54}},"13":{"start":{"line":31,"column":23},"end":{"line":31,"column":67}},"14":{"start":{"line":32,"column":27},"end":{"line":35,"column":9}},"15":{"start":{"line":36,"column":8},"end":{"line":36,"column":62}},"16":{"start":{"line":39,"column":8},"end":{"line":44,"column":9}},"17":{"start":{"line":40,"column":12},"end":{"line":43,"column":14}},"18":{"start":{"line":45,"column":23},"end":{"line":45,"column":43}},"19":{"start":{"line":46,"column":23},"end":{"line":46,"column":72}},"20":{"start":{"line":47,"column":27},"end":{"line":51,"column":9}},"21":{"start":{"line":52,"column":8},"end":{"line":52,"column":62}},"22":{"start":{"line":55,"column":23},"end":{"line":55,"column":67}},"23":{"start":{"line":56,"column":27},"end":{"line":58,"column":9}},"24":{"start":{"line":59,"column":8},"end":{"line":59,"column":62}},"25":{"start":{"line":62,"column":0},"end":{"line":62,"column":36}}},"fnMap":{"0":{"name":"(anonymous_0)","decl":{"start":{"line":5,"column":4},"end":{"line":5,"column":5}},"loc":{"start":{"line":5,"column":34},"end":{"line":9,"column":5}}},"1":{"name":"(anonymous_1)","decl":{"start":{"line":10,"column":4},"end":{"line":10,"column":5}},"loc":{"start":{"line":10,"column":36},"end":{"line":12,"column":5}}},"2":{"name":"(anonymous_2)","decl":{"start":{"line":13,"column":4},"end":{"line":13,"column":5}},"loc":{"start":{"line":13,"column":28},"end":{"line":16,"column":5}}},"3":{"name":"(anonymous_3)","decl":{"start":{"line":17,"column":4},"end":{"line":17,"column":5}},"loc":{"start":{"line":17,"column":30},"end":{"line":26,"column":5}}},"4":{"name":"(anonymous_4)","decl":{"start":{"line":27,"column":4},"end":{"line":27,"column":5}},"loc":{"start":{"line":27,"column":31},"end":{"line":29,"column":5}}},"5":{"name":"(anonymous_5)","decl":{"start":{"line":30,"column":4},"end":{"line":30,"column":5}},"loc":{"start":{"line":30,"column":25},"end":{"line":37,"column":5}}},"6":{"name":"(anonymous_6)","decl":{"start":{"line":38,"column":4},"end":{"line":38,"column":5}},"loc":{"start":{"line":38,"column":30},"end":{"line":53,"column":5}}},"7":{"name":"(anonymous_7)","decl":{"start":{"line":54,"column":4},"end":{"line":54,"column":5}},"loc":{"start":{"line":54,"column":28},"end":{"line":60,"column":5}}}},"branchMap":{"0":{"loc":{"start":{"line":39,"column":8},"end":{"line":44,"column":9}},"type":"if","locations":[{"start":{"line":39,"column":8},"end":{"line":44,"column":9}},{"start":{"line":39,"column":8},"end":{"line":44,"column":9}}]}},"s":{"0":3,"1":3,"2":11,"3":11,"4":11,"5":11,"6":11,"7":11,"8":1,"9":1,"10":1,"11":1,"12":4,"13":1,"14":1,"15":1,"16":2,"17":1,"18":1,"19":1,"20":1,"21":1,"22":1,"23":1,"24":1,"25":3},"f":{"0":11,"1":11,"2":11,"3":1,"4":4,"5":1,"6":2,"7":1},"b":{"0":[1,1]},"_coverageSchema":"332fd63041d2c1bcb487cc26dd0d5f7d97098a6c","hash":"d13ecf51aea852c40e07373eadb9e940fcb5eac7"}
,"/Users/davidhelmer/Work/NodeJS/fetch-salesforce/build/lib/fetchSalesforce.js": {"path":"/Users/davidhelmer/Work/NodeJS/fetch-salesforce/build/lib/fetchSalesforce.js","statementMap":{"0":{"start":{"line":2,"column":18},"end":{"line":2,"column":38}},"1":{"start":{"line":3,"column":23},"end":{"line":3,"column":48}},"2":{"start":{"line":4,"column":21},"end":{"line":4,"column":44}},"3":{"start":{"line":5,"column":23},"end":{"line":5,"column":48}},"4":{"start":{"line":6,"column":24},"end":{"line":6,"column":50}},"5":{"start":{"line":7,"column":24},"end":{"line":7,"column":50}},"6":{"start":{"line":8,"column":28},"end":{"line":8,"column":58}},"7":{"start":{"line":9,"column":14},"end":{"line":9,"column":33}},"8":{"start":{"line":10,"column":20},"end":{"line":10,"column":42}},"9":{"start":{"line":13,"column":8},"end":{"line":13,"column":65}},"10":{"start":{"line":14,"column":8},"end":{"line":14,"column":62}},"11":{"start":{"line":15,"column":8},"end":{"line":15,"column":91}},"12":{"start":{"line":16,"column":8},"end":{"line":16,"column":85}},"13":{"start":{"line":17,"column":8},"end":{"line":17,"column":91}},"14":{"start":{"line":18,"column":8},"end":{"line":18,"column":94}},"15":{"start":{"line":19,"column":8},"end":{"line":19,"column":94}},"16":{"start":{"line":22,"column":25},"end":{"line":26,"column":25}},"17":{"start":{"line":27,"column":27},"end":{"line":27,"column":66}},"18":{"start":{"line":28,"column":8},"end":{"line":28,"column":75}},"19":{"start":{"line":31,"column":0},"end":{"line":31,"column":42}}},"fnMap":{"0":{"name":"(anonymous_0)","decl":{"start":{"line":12,"column":4},"end":{"line":12,"column":5}},"loc":{"start":{"line":12,"column":25},"end":{"line":20,"column":5}}},"1":{"name":"(anonymous_1)","decl":{"start":{"line":21,"column":4},"end":{"line":21,"column":5}},"loc":{"start":{"line":21,"column":41},"end":{"line":29,"column":5}}}},"branchMap":{},"s":{"0":2,"1":2,"2":2,"3":2,"4":2,"5":2,"6":2,"7":2,"8":2,"9":4,"10":4,"11":4,"12":4,"13":4,"14":4,"15":4,"16":1,"17":1,"18":1,"19":2},"f":{"0":4,"1":1},"b":{},"_coverageSchema":"332fd63041d2c1bcb487cc26dd0d5f7d97098a6c","hash":"0ea868d0d643abc5a3c95bcf8b8112cfe6318420"}
,"/Users/davidhelmer/Work/NodeJS/fetch-salesforce/build/lib/fetchUserInfo.js": {"path":"/Users/davidhelmer/Work/NodeJS/fetch-salesforce/build/lib/fetchUserInfo.js","statementMap":{"0":{"start":{"line":2,"column":14},"end":{"line":2,"column":33}},"1":{"start":{"line":5,"column":8},"end":{"line":5,"column":31}},"2":{"start":{"line":6,"column":8},"end":{"line":6,"column":31}},"3":{"start":{"line":7,"column":8},"end":{"line":7,"column":41}},"4":{"start":{"line":10,"column":8},"end":{"line":10,"column":51}},"5":{"start":{"line":13,"column":8},"end":{"line":13,"column":93}},"6":{"start":{"line":16,"column":23},"end":{"line":16,"column":52}},"7":{"start":{"line":17,"column":27},"end":{"line":20,"column":9}},"8":{"start":{"line":21,"column":8},"end":{"line":21,"column":62}},"9":{"start":{"line":24,"column":0},"end":{"line":24,"column":38}}},"fnMap":{"0":{"name":"(anonymous_0)","decl":{"start":{"line":4,"column":4},"end":{"line":4,"column":5}},"loc":{"start":{"line":4,"column":34},"end":{"line":8,"column":5}}},"1":{"name":"(anonymous_1)","decl":{"start":{"line":9,"column":4},"end":{"line":9,"column":5}},"loc":{"start":{"line":9,"column":36},"end":{"line":11,"column":5}}},"2":{"name":"(anonymous_2)","decl":{"start":{"line":12,"column":4},"end":{"line":12,"column":5}},"loc":{"start":{"line":12,"column":32},"end":{"line":14,"column":5}}},"3":{"name":"(anonymous_3)","decl":{"start":{"line":15,"column":4},"end":{"line":15,"column":5}},"loc":{"start":{"line":15,"column":10},"end":{"line":22,"column":5}}}},"branchMap":{},"s":{"0":2,"1":4,"2":4,"3":4,"4":4,"5":4,"6":0,"7":0,"8":0,"9":2},"f":{"0":4,"1":4,"2":4,"3":0},"b":{},"_coverageSchema":"332fd63041d2c1bcb487cc26dd0d5f7d97098a6c","hash":"f08e08a334cc6d0bc34bef4815e8ba39542ec2d5"}
,"/Users/davidhelmer/Work/NodeJS/fetch-salesforce/build/lib/fetcher.js": {"path":"/Users/davidhelmer/Work/NodeJS/fetch-salesforce/build/lib/fetcher.js","statementMap":{"0":{"start":{"line":2,"column":20},"end":{"line":2,"column":42}},"1":{"start":{"line":3,"column":15},"end":{"line":3,"column":32}},"2":{"start":{"line":4,"column":16},"end":{"line":4,"column":35}},"3":{"start":{"line":7,"column":8},"end":{"line":7,"column":16}},"4":{"start":{"line":8,"column":8},"end":{"line":8,"column":31}},"5":{"start":{"line":9,"column":8},"end":{"line":9,"column":45}},"6":{"start":{"line":10,"column":8},"end":{"line":10,"column":45}},"7":{"start":{"line":11,"column":8},"end":{"line":11,"column":34}},"8":{"start":{"line":14,"column":8},"end":{"line":14,"column":36}},"9":{"start":{"line":17,"column":8},"end":{"line":22,"column":9}},"10":{"start":{"line":18,"column":12},"end":{"line":18,"column":61}},"11":{"start":{"line":21,"column":12},"end":{"line":21,"column":45}},"12":{"start":{"line":25,"column":8},"end":{"line":25,"column":43}},"13":{"start":{"line":26,"column":25},"end":{"line":26,"column":53}},"14":{"start":{"line":28,"column":24},"end":{"line":33,"column":9}},"15":{"start":{"line":34,"column":8},"end":{"line":36,"column":9}},"16":{"start":{"line":35,"column":12},"end":{"line":35,"column":64}},"17":{"start":{"line":37,"column":29},"end":{"line":44,"column":9}},"18":{"start":{"line":45,"column":8},"end":{"line":53,"column":11}},"19":{"start":{"line":46,"column":30},"end":{"line":46,"column":45}},"20":{"start":{"line":47,"column":30},"end":{"line":47,"column":92}},"21":{"start":{"line":49,"column":12},"end":{"line":49,"column":54}},"22":{"start":{"line":50,"column":12},"end":{"line":50,"column":46}},"23":{"start":{"line":51,"column":12},"end":{"line":51,"column":61}},"24":{"start":{"line":52,"column":12},"end":{"line":52,"column":28}},"25":{"start":{"line":56,"column":8},"end":{"line":81,"column":11}},"26":{"start":{"line":57,"column":12},"end":{"line":80,"column":15}},"27":{"start":{"line":59,"column":16},"end":{"line":59,"column":49}},"28":{"start":{"line":60,"column":37},"end":{"line":65,"column":17}},"29":{"start":{"line":66,"column":16},"end":{"line":66,"column":46}},"30":{"start":{"line":67,"column":16},"end":{"line":67,"column":45}},"31":{"start":{"line":68,"column":16},"end":{"line":79,"column":19}},"32":{"start":{"line":69,"column":38},"end":{"line":69,"column":53}},"33":{"start":{"line":71,"column":20},"end":{"line":78,"column":21}},"34":{"start":{"line":72,"column":24},"end":{"line":72,"column":92}},"35":{"start":{"line":73,"column":24},"end":{"line":73,"column":66}},"36":{"start":{"line":74,"column":24},"end":{"line":74,"column":87}},"37":{"start":{"line":77,"column":24},"end":{"line":77,"column":96}},"38":{"start":{"line":84,"column":8},"end":{"line":93,"column":11}},"39":{"start":{"line":86,"column":12},"end":{"line":88,"column":13}},"40":{"start":{"line":87,"column":16},"end":{"line":87,"column":29}},"41":{"start":{"line":89,"column":35},"end":{"line":91,"column":13}},"42":{"start":{"line":92,"column":12},"end":{"line":92,"column":60}},"43":{"start":{"line":96,"column":8},"end":{"line":98,"column":62}},"44":{"start":{"line":101,"column":8},"end":{"line":112,"column":9}},"45":{"start":{"line":102,"column":12},"end":{"line":102,"column":48}},"46":{"start":{"line":103,"column":12},"end":{"line":103,"column":75}},"47":{"start":{"line":104,"column":12},"end":{"line":108,"column":15}},"48":{"start":{"line":107,"column":16},"end":{"line":107,"column":51}},"49":{"start":{"line":111,"column":12},"end":{"line":111,"column":53}},"50":{"start":{"line":115,"column":28},"end":{"line":115,"column":30}},"51":{"start":{"line":116,"column":8},"end":{"line":116,"column":91}},"52":{"start":{"line":117,"column":8},"end":{"line":119,"column":9}},"53":{"start":{"line":118,"column":12},"end":{"line":118,"column":105}},"54":{"start":{"line":120,"column":8},"end":{"line":120,"column":37}},"55":{"start":{"line":121,"column":8},"end":{"line":136,"column":11}},"56":{"start":{"line":123,"column":12},"end":{"line":128,"column":13}},"57":{"start":{"line":124,"column":31},"end":{"line":124,"column":54}},"58":{"start":{"line":125,"column":37},"end":{"line":125,"column":71}},"59":{"start":{"line":126,"column":16},"end":{"line":126,"column":45}},"60":{"start":{"line":127,"column":16},"end":{"line":127,"column":49}},"61":{"start":{"line":129,"column":12},"end":{"line":129,"column":88}},"62":{"start":{"line":130,"column":12},"end":{"line":130,"column":38}},"63":{"start":{"line":133,"column":12},"end":{"line":133,"column":66}},"64":{"start":{"line":134,"column":12},"end":{"line":134,"column":33}},"65":{"start":{"line":135,"column":12},"end":{"line":135,"column":26}},"66":{"start":{"line":140,"column":8},"end":{"line":151,"column":9}},"67":{"start":{"line":141,"column":37},"end":{"line":145,"column":13}},"68":{"start":{"line":146,"column":12},"end":{"line":146,"column":46}},"69":{"start":{"line":147,"column":12},"end":{"line":147,"column":37}},"70":{"start":{"line":150,"column":12},"end":{"line":150,"column":28}},"71":{"start":{"line":154,"column":8},"end":{"line":156,"column":9}},"72":{"start":{"line":155,"column":12},"end":{"line":155,"column":46}},"73":{"start":{"line":157,"column":8},"end":{"line":157,"column":41}},"74":{"start":{"line":158,"column":25},"end":{"line":158,"column":54}},"75":{"start":{"line":159,"column":24},"end":{"line":161,"column":9}},"76":{"start":{"line":162,"column":29},"end":{"line":168,"column":9}},"77":{"start":{"line":169,"column":8},"end":{"line":185,"column":11}},"78":{"start":{"line":171,"column":12},"end":{"line":179,"column":13}},"79":{"start":{"line":172,"column":48},"end":{"line":176,"column":17}},"80":{"start":{"line":177,"column":16},"end":{"line":177,"column":57}},"81":{"start":{"line":178,"column":16},"end":{"line":178,"column":48}},"82":{"start":{"line":182,"column":12},"end":{"line":182,"column":49}},"83":{"start":{"line":183,"column":12},"end":{"line":183,"column":49}},"84":{"start":{"line":184,"column":12},"end":{"line":184,"column":44}},"85":{"start":{"line":188,"column":0},"end":{"line":188,"column":26}}},"fnMap":{"0":{"name":"(anonymous_0)","decl":{"start":{"line":6,"column":4},"end":{"line":6,"column":5}},"loc":{"start":{"line":6,"column":25},"end":{"line":12,"column":5}}},"1":{"name":"(anonymous_1)","decl":{"start":{"line":13,"column":4},"end":{"line":13,"column":5}},"loc":{"start":{"line":13,"column":27},"end":{"line":15,"column":5}}},"2":{"name":"(anonymous_2)","decl":{"start":{"line":16,"column":4},"end":{"line":16,"column":5}},"loc":{"start":{"line":16,"column":21},"end":{"line":23,"column":5}}},"3":{"name":"(anonymous_3)","decl":{"start":{"line":24,"column":4},"end":{"line":24,"column":5}},"loc":{"start":{"line":24,"column":25},"end":{"line":54,"column":5}}},"4":{"name":"(anonymous_4)","decl":{"start":{"line":46,"column":18},"end":{"line":46,"column":19}},"loc":{"start":{"line":46,"column":30},"end":{"line":46,"column":45}}},"5":{"name":"(anonymous_5)","decl":{"start":{"line":47,"column":18},"end":{"line":47,"column":19}},"loc":{"start":{"line":47,"column":30},"end":{"line":47,"column":92}}},"6":{"name":"(anonymous_6)","decl":{"start":{"line":48,"column":18},"end":{"line":48,"column":19}},"loc":{"start":{"line":48,"column":32},"end":{"line":53,"column":9}}},"7":{"name":"(anonymous_7)","decl":{"start":{"line":55,"column":4},"end":{"line":55,"column":5}},"loc":{"start":{"line":55,"column":42},"end":{"line":82,"column":5}}},"8":{"name":"(anonymous_8)","decl":{"start":{"line":56,"column":27},"end":{"line":56,"column":28}},"loc":{"start":{"line":56,"column":48},"end":{"line":81,"column":9}}},"9":{"name":"(anonymous_9)","decl":{"start":{"line":58,"column":22},"end":{"line":58,"column":23}},"loc":{"start":{"line":58,"column":33},"end":{"line":80,"column":13}}},"10":{"name":"(anonymous_10)","decl":{"start":{"line":69,"column":26},"end":{"line":69,"column":27}},"loc":{"start":{"line":69,"column":38},"end":{"line":69,"column":53}}},"11":{"name":"(anonymous_11)","decl":{"start":{"line":70,"column":26},"end":{"line":70,"column":27}},"loc":{"start":{"line":70,"column":38},"end":{"line":79,"column":17}}},"12":{"name":"(anonymous_12)","decl":{"start":{"line":83,"column":4},"end":{"line":83,"column":5}},"loc":{"start":{"line":83,"column":37},"end":{"line":94,"column":5}}},"13":{"name":"(anonymous_13)","decl":{"start":{"line":85,"column":18},"end":{"line":85,"column":19}},"loc":{"start":{"line":85,"column":43},"end":{"line":93,"column":9}}},"14":{"name":"(anonymous_14)","decl":{"start":{"line":95,"column":4},"end":{"line":95,"column":5}},"loc":{"start":{"line":95,"column":31},"end":{"line":99,"column":5}}},"15":{"name":"(anonymous_15)","decl":{"start":{"line":100,"column":4},"end":{"line":100,"column":5}},"loc":{"start":{"line":100,"column":62},"end":{"line":113,"column":5}}},"16":{"name":"(anonymous_16)","decl":{"start":{"line":106,"column":22},"end":{"line":106,"column":23}},"loc":{"start":{"line":106,"column":28},"end":{"line":108,"column":13}}},"17":{"name":"(anonymous_17)","decl":{"start":{"line":114,"column":4},"end":{"line":114,"column":5}},"loc":{"start":{"line":114,"column":27},"end":{"line":138,"column":5}}},"18":{"name":"(anonymous_18)","decl":{"start":{"line":122,"column":18},"end":{"line":122,"column":19}},"loc":{"start":{"line":122,"column":31},"end":{"line":131,"column":9}}},"19":{"name":"(anonymous_19)","decl":{"start":{"line":132,"column":19},"end":{"line":132,"column":20}},"loc":{"start":{"line":132,"column":28},"end":{"line":136,"column":9}}},"20":{"name":"(anonymous_20)","decl":{"start":{"line":139,"column":4},"end":{"line":139,"column":5}},"loc":{"start":{"line":139,"column":62},"end":{"line":152,"column":5}}},"21":{"name":"(anonymous_21)","decl":{"start":{"line":153,"column":4},"end":{"line":153,"column":5}},"loc":{"start":{"line":153,"column":24},"end":{"line":186,"column":5}}},"22":{"name":"(anonymous_22)","decl":{"start":{"line":170,"column":18},"end":{"line":170,"column":19}},"loc":{"start":{"line":170,"column":30},"end":{"line":180,"column":9}}},"23":{"name":"(anonymous_23)","decl":{"start":{"line":181,"column":18},"end":{"line":181,"column":19}},"loc":{"start":{"line":181,"column":30},"end":{"line":185,"column":9}}}},"branchMap":{"0":{"loc":{"start":{"line":17,"column":8},"end":{"line":22,"column":9}},"type":"if","locations":[{"start":{"line":17,"column":8},"end":{"line":22,"column":9}},{"start":{"line":17,"column":8},"end":{"line":22,"column":9}}]},"1":{"loc":{"start":{"line":34,"column":8},"end":{"line":36,"column":9}},"type":"if","locations":[{"start":{"line":34,"column":8},"end":{"line":36,"column":9}},{"start":{"line":34,"column":8},"end":{"line":36,"column":9}}]},"2":{"loc":{"start":{"line":71,"column":20},"end":{"line":78,"column":21}},"type":"if","locations":[{"start":{"line":71,"column":20},"end":{"line":78,"column":21}},{"start":{"line":71,"column":20},"end":{"line":78,"column":21}}]},"3":{"loc":{"start":{"line":86,"column":12},"end":{"line":88,"column":13}},"type":"if","locations":[{"start":{"line":86,"column":12},"end":{"line":88,"column":13}},{"start":{"line":86,"column":12},"end":{"line":88,"column":13}}]},"4":{"loc":{"start":{"line":96,"column":15},"end":{"line":98,"column":61}},"type":"binary-expr","locations":[{"start":{"line":96,"column":15},"end":{"line":96,"column":38}},{"start":{"line":97,"column":15},"end":{"line":97,"column":34}},{"start":{"line":98,"column":15},"end":{"line":98,"column":61}}]},"5":{"loc":{"start":{"line":101,"column":8},"end":{"line":112,"column":9}},"type":"if","locations":[{"start":{"line":101,"column":8},"end":{"line":112,"column":9}},{"start":{"line":101,"column":8},"end":{"line":112,"column":9}}]},"6":{"loc":{"start":{"line":140,"column":8},"end":{"line":151,"column":9}},"type":"if","locations":[{"start":{"line":140,"column":8},"end":{"line":151,"column":9}},{"start":{"line":140,"column":8},"end":{"line":151,"column":9}}]},"7":{"loc":{"start":{"line":140,"column":12},"end":{"line":140,"column":39}},"type":"binary-expr","locations":[{"start":{"line":140,"column":12},"end":{"line":140,"column":21}},{"start":{"line":140,"column":25},"end":{"line":140,"column":39}}]},"8":{"loc":{"start":{"line":154,"column":8},"end":{"line":156,"column":9}},"type":"if","locations":[{"start":{"line":154,"column":8},"end":{"line":156,"column":9}},{"start":{"line":154,"column":8},"end":{"line":156,"column":9}}]},"9":{"loc":{"start":{"line":171,"column":12},"end":{"line":179,"column":13}},"type":"if","locations":[{"start":{"line":171,"column":12},"end":{"line":179,"column":13}},{"start":{"line":171,"column":12},"end":{"line":179,"column":13}}]},"10":{"loc":{"start":{"line":171,"column":16},"end":{"line":171,"column":58}},"type":"binary-expr","locations":[{"start":{"line":171,"column":16},"end":{"line":171,"column":31}},{"start":{"line":171,"column":35},"end":{"line":171,"column":58}}]}},"s":{"0":6,"1":6,"2":6,"3":28,"4":28,"5":28,"6":28,"7":28,"8":28,"9":0,"10":0,"11":0,"12":0,"13":0,"14":0,"15":0,"16":0,"17":0,"18":0,"19":0,"20":0,"21":0,"22":0,"23":0,"24":0,"25":0,"26":0,"27":0,"28":0,"29":0,"30":0,"31":0,"32":0,"33":0,"34":0,"35":0,"36":0,"37":0,"38":0,"39":0,"40":0,"41":0,"42":0,"43":0,"44":0,"45":0,"46":0,"47":0,"48":0,"49":0,"50":0,"51":0,"52":0,"53":0,"54":0,"55":0,"56":0,"57":0,"58":0,"59":0,"60":0,"61":0,"62":0,"63":0,"64":0,"65":0,"66":0,"67":0,"68":0,"69":0,"70":0,"71":0,"72":0,"73":0,"74":0,"75":0,"76":0,"77":0,"78":0,"79":0,"80":0,"81":0,"82":0,"83":0,"84":0,"85":6},"f":{"0":28,"1":28,"2":0,"3":0,"4":0,"5":0,"6":0,"7":0,"8":0,"9":0,"10":0,"11":0,"12":0,"13":0,"14":0,"15":0,"16":0,"17":0,"18":0,"19":0,"20":0,"21":0,"22":0,"23":0},"b":{"0":[0,0],"1":[0,0],"2":[0,0],"3":[0,0],"4":[0,0,0],"5":[0,0],"6":[0,0],"7":[0,0],"8":[0,0],"9":[0,0],"10":[0,0]},"_coverageSchema":"332fd63041d2c1bcb487cc26dd0d5f7d97098a6c","hash":"2f33de84e4c3f36d28ad649a6e8b7155fbb3f090"}
,"/Users/davidhelmer/Work/NodeJS/fetch-salesforce/build/lib/salesforceOptions.js": {"path":"/Users/davidhelmer/Work/NodeJS/fetch-salesforce/build/lib/salesforceOptions.js","statementMap":{"0":{"start":{"line":2,"column":14},"end":{"line":2,"column":32}},"1":{"start":{"line":3,"column":14},"end":{"line":3,"column":33}},"2":{"start":{"line":4,"column":21},"end":{"line":7,"column":1}},"3":{"start":{"line":9,"column":38},"end":{"line":9,"column":71}},"4":{"start":{"line":10,"column":4},"end":{"line":10,"column":117}},"5":{"start":{"line":11,"column":4},"end":{"line":11,"column":105}},"6":{"start":{"line":12,"column":4},"end":{"line":12,"column":107}},"7":{"start":{"line":13,"column":4},"end":{"line":13,"column":63}},"8":{"start":{"line":15,"column":0},"end":{"line":15,"column":36}},"9":{"start":{"line":17,"column":4},"end":{"line":17,"column":51}},"10":{"start":{"line":19,"column":0},"end":{"line":19,"column":44}}},"fnMap":{"0":{"name":"withDefaults","decl":{"start":{"line":8,"column":9},"end":{"line":8,"column":21}},"loc":{"start":{"line":8,"column":31},"end":{"line":14,"column":1}}},"1":{"name":"formatApiVersion","decl":{"start":{"line":16,"column":9},"end":{"line":16,"column":25}},"loc":{"start":{"line":16,"column":38},"end":{"line":18,"column":1}}}},"branchMap":{},"s":{"0":7,"1":7,"2":7,"3":46,"4":46,"5":46,"6":46,"7":46,"8":7,"9":37,"10":7},"f":{"0":46,"1":37},"b":{},"_coverageSchema":"332fd63041d2c1bcb487cc26dd0d5f7d97098a6c","hash":"546e11f525a541e2029a6e723a15d1e182b0c8d3"}
}
