{"/Users/davidhelmer/Work/NodeJS/fetch-salesforce/build/index.js": {"path":"/Users/davidhelmer/Work/NodeJS/fetch-salesforce/build/index.js","statementMap":{"0":{"start":{"line":2,"column":26},"end":{"line":2,"column":58}},"1":{"start":{"line":3,"column":0},"end":{"line":3,"column":60}}},"fnMap":{},"branchMap":{},"s":{"0":1,"1":1},"f":{},"b":{},"_coverageSchema":"332fd63041d2c1bcb487cc26dd0d5f7d97098a6c","hash":"42dce691a3a69ed856c009dbcbf63dccbde98580"}
,"/Users/davidhelmer/Work/NodeJS/fetch-salesforce/build/lib/fetchApexREST.js": {"path":"/Users/davidhelmer/Work/NodeJS/fetch-salesforce/build/lib/fetchApexREST.js","statementMap":{"0":{"start":{"line":2,"column":14},"end":{"line":2,"column":33}},"1":{"start":{"line":5,"column":8},"end":{"line":5,"column":31}},"2":{"start":{"line":6,"column":8},"end":{"line":6,"column":31}},"3":{"start":{"line":7,"column":8},"end":{"line":7,"column":41}},"4":{"start":{"line":10,"column":8},"end":{"line":10,"column":51}},"5":{"start":{"line":13,"column":8},"end":{"line":13,"column":73}},"6":{"start":{"line":16,"column":23},"end":{"line":16,"column":65}},"7":{"start":{"line":17,"column":27},"end":{"line":19,"column":9}},"8":{"start":{"line":20,"column":8},"end":{"line":20,"column":62}},"9":{"start":{"line":23,"column":8},"end":{"line":23,"column":59}},"10":{"start":{"line":26,"column":23},"end":{"line":26,"column":56}},"11":{"start":{"line":27,"column":23},"end":{"line":27,"column":43}},"12":{"start":{"line":28,"column":27},"end":{"line":32,"column":9}},"13":{"start":{"line":33,"column":8},"end":{"line":33,"column":62}},"14":{"start":{"line":36,"column":23},"end":{"line":36,"column":43}},"15":{"start":{"line":37,"column":23},"end":{"line":37,"column":56}},"16":{"start":{"line":38,"column":27},"end":{"line":42,"column":9}},"17":{"start":{"line":43,"column":8},"end":{"line":43,"column":62}},"18":{"start":{"line":46,"column":23},"end":{"line":46,"column":56}},"19":{"start":{"line":47,"column":27},"end":{"line":49,"column":9}},"20":{"start":{"line":50,"column":8},"end":{"line":50,"column":62}},"21":{"start":{"line":53,"column":0},"end":{"line":53,"column":38}}},"fnMap":{"0":{"name":"(anonymous_0)","decl":{"start":{"line":4,"column":4},"end":{"line":4,"column":5}},"loc":{"start":{"line":4,"column":34},"end":{"line":8,"column":5}}},"1":{"name":"(anonymous_1)","decl":{"start":{"line":9,"column":4},"end":{"line":9,"column":5}},"loc":{"start":{"line":9,"column":36},"end":{"line":11,"column":5}}},"2":{"name":"(anonymous_2)","decl":{"start":{"line":12,"column":4},"end":{"line":12,"column":5}},"loc":{"start":{"line":12,"column":32},"end":{"line":14,"column":5}}},"3":{"name":"(anonymous_3)","decl":{"start":{"line":15,"column":4},"end":{"line":15,"column":5}},"loc":{"start":{"line":15,"column":22},"end":{"line":21,"column":5}}},"4":{"name":"(anonymous_4)","decl":{"start":{"line":22,"column":4},"end":{"line":22,"column":5}},"loc":{"start":{"line":22,"column":33},"end":{"line":24,"column":5}}},"5":{"name":"(anonymous_5)","decl":{"start":{"line":25,"column":4},"end":{"line":25,"column":5}},"loc":{"start":{"line":25,"column":29},"end":{"line":34,"column":5}}},"6":{"name":"(anonymous_6)","decl":{"start":{"line":35,"column":4},"end":{"line":35,"column":5}},"loc":{"start":{"line":35,"column":30},"end":{"line":44,"column":5}}},"7":{"name":"(anonymous_7)","decl":{"start":{"line":45,"column":4},"end":{"line":45,"column":5}},"loc":{"start":{"line":45,"column":25},"end":{"line":51,"column":5}}}},"branchMap":{},"s":{"0":3,"1":10,"2":10,"3":10,"4":10,"5":10,"6":1,"7":1,"8":1,"9":4,"10":1,"11":1,"12":1,"13":1,"14":1,"15":1,"16":1,"17":1,"18":1,"19":1,"20":1,"21":3},"f":{"0":10,"1":10,"2":10,"3":1,"4":4,"5":1,"6":1,"7":1},"b":{},"_coverageSchema":"332fd63041d2c1bcb487cc26dd0d5f7d97098a6c","hash":"8b834e875e514209858e29d57b41e96e39922edb"}
,"/Users/davidhelmer/Work/NodeJS/fetch-salesforce/build/lib/fetchChatter.js": {"path":"/Users/davidhelmer/Work/NodeJS/fetch-salesforce/build/lib/fetchChatter.js","statementMap":{"0":{"start":{"line":2,"column":14},"end":{"line":2,"column":33}},"1":{"start":{"line":3,"column":28},"end":{"line":3,"column":58}},"2":{"start":{"line":6,"column":8},"end":{"line":6,"column":31}},"3":{"start":{"line":7,"column":8},"end":{"line":7,"column":31}},"4":{"start":{"line":8,"column":8},"end":{"line":10,"column":9}},"5":{"start":{"line":9,"column":12},"end":{"line":9,"column":76}},"6":{"start":{"line":11,"column":8},"end":{"line":11,"column":40}},"7":{"start":{"line":14,"column":8},"end":{"line":14,"column":50}},"8":{"start":{"line":17,"column":25},"end":{"line":17,"column":86}},"9":{"start":{"line":18,"column":8},"end":{"line":18,"column":153}},"10":{"start":{"line":21,"column":8},"end":{"line":21,"column":34}},"11":{"start":{"line":22,"column":23},"end":{"line":22,"column":82}},"12":{"start":{"line":23,"column":27},"end":{"line":26,"column":9}},"13":{"start":{"line":27,"column":8},"end":{"line":27,"column":62}},"14":{"start":{"line":30,"column":8},"end":{"line":32,"column":9}},"15":{"start":{"line":31,"column":12},"end":{"line":31,"column":67}},"16":{"start":{"line":35,"column":8},"end":{"line":35,"column":34}},"17":{"start":{"line":36,"column":23},"end":{"line":36,"column":68}},"18":{"start":{"line":37,"column":23},"end":{"line":37,"column":43}},"19":{"start":{"line":38,"column":27},"end":{"line":42,"column":9}},"20":{"start":{"line":43,"column":8},"end":{"line":43,"column":62}},"21":{"start":{"line":46,"column":0},"end":{"line":46,"column":36}}},"fnMap":{"0":{"name":"(anonymous_0)","decl":{"start":{"line":5,"column":4},"end":{"line":5,"column":5}},"loc":{"start":{"line":5,"column":34},"end":{"line":12,"column":5}}},"1":{"name":"(anonymous_1)","decl":{"start":{"line":13,"column":4},"end":{"line":13,"column":5}},"loc":{"start":{"line":13,"column":36},"end":{"line":15,"column":5}}},"2":{"name":"(anonymous_2)","decl":{"start":{"line":16,"column":4},"end":{"line":16,"column":5}},"loc":{"start":{"line":16,"column":31},"end":{"line":19,"column":5}}},"3":{"name":"(anonymous_3)","decl":{"start":{"line":20,"column":4},"end":{"line":20,"column":5}},"loc":{"start":{"line":20,"column":11},"end":{"line":28,"column":5}}},"4":{"name":"(anonymous_4)","decl":{"start":{"line":29,"column":4},"end":{"line":29,"column":5}},"loc":{"start":{"line":29,"column":25},"end":{"line":33,"column":5}}},"5":{"name":"(anonymous_5)","decl":{"start":{"line":34,"column":4},"end":{"line":34,"column":5}},"loc":{"start":{"line":34,"column":15},"end":{"line":44,"column":5}}}},"branchMap":{"0":{"loc":{"start":{"line":8,"column":8},"end":{"line":10,"column":9}},"type":"if","locations":[{"start":{"line":8,"column":8},"end":{"line":10,"column":9}},{"start":{"line":8,"column":8},"end":{"line":10,"column":9}}]},"1":{"loc":{"start":{"line":30,"column":8},"end":{"line":32,"column":9}},"type":"if","locations":[{"start":{"line":30,"column":8},"end":{"line":32,"column":9}},{"start":{"line":30,"column":8},"end":{"line":32,"column":9}}]}},"s":{"0":3,"1":3,"2":12,"3":12,"4":12,"5":8,"6":12,"7":12,"8":12,"9":12,"10":2,"11":1,"12":1,"13":1,"14":4,"15":2,"16":2,"17":1,"18":1,"19":1,"20":1,"21":3},"f":{"0":12,"1":12,"2":12,"3":2,"4":4,"5":2},"b":{"0":[8,4],"1":[2,2]},"_coverageSchema":"332fd63041d2c1bcb487cc26dd0d5f7d97098a6c","hash":"3e08c71270684a2e7aa884a723cd3e86a9931f77"}
,"/Users/davidhelmer/Work/NodeJS/fetch-salesforce/build/lib/fetchQuery.js": {"path":"/Users/davidhelmer/Work/NodeJS/fetch-salesforce/build/lib/fetchQuery.js","statementMap":{"0":{"start":{"line":2,"column":14},"end":{"line":2,"column":33}},"1":{"start":{"line":3,"column":28},"end":{"line":3,"column":58}},"2":{"start":{"line":4,"column":20},"end":{"line":4,"column":42}},"3":{"start":{"line":7,"column":8},"end":{"line":7,"column":31}},"4":{"start":{"line":8,"column":8},"end":{"line":8,"column":31}},"5":{"start":{"line":9,"column":8},"end":{"line":9,"column":37}},"6":{"start":{"line":12,"column":8},"end":{"line":12,"column":48}},"7":{"start":{"line":15,"column":25},"end":{"line":15,"column":86}},"8":{"start":{"line":16,"column":8},"end":{"line":16,"column":86}},"9":{"start":{"line":19,"column":27},"end":{"line":19,"column":72}},"10":{"start":{"line":20,"column":23},"end":{"line":20,"column":71}},"11":{"start":{"line":21,"column":27},"end":{"line":24,"column":9}},"12":{"start":{"line":25,"column":8},"end":{"line":25,"column":62}},"13":{"start":{"line":28,"column":0},"end":{"line":28,"column":32}}},"fnMap":{"0":{"name":"(anonymous_0)","decl":{"start":{"line":6,"column":4},"end":{"line":6,"column":5}},"loc":{"start":{"line":6,"column":34},"end":{"line":10,"column":5}}},"1":{"name":"(anonymous_1)","decl":{"start":{"line":11,"column":4},"end":{"line":11,"column":5}},"loc":{"start":{"line":11,"column":36},"end":{"line":13,"column":5}}},"2":{"name":"(anonymous_2)","decl":{"start":{"line":14,"column":4},"end":{"line":14,"column":5}},"loc":{"start":{"line":14,"column":28},"end":{"line":17,"column":5}}},"3":{"name":"(anonymous_3)","decl":{"start":{"line":18,"column":4},"end":{"line":18,"column":5}},"loc":{"start":{"line":18,"column":21},"end":{"line":26,"column":5}}}},"branchMap":{},"s":{"0":3,"1":3,"2":3,"3":7,"4":7,"5":7,"6":7,"7":7,"8":7,"9":1,"10":1,"11":1,"12":1,"13":3},"f":{"0":7,"1":7,"2":7,"3":1},"b":{},"_coverageSchema":"332fd63041d2c1bcb487cc26dd0d5f7d97098a6c","hash":"b336f5f9bca53a1711b0050f18ca5c5233c53457"}
,"/Users/davidhelmer/Work/NodeJS/fetch-salesforce/build/lib/fetchSObject.js": {"path":"/Users/davidhelmer/Work/NodeJS/fetch-salesforce/build/lib/fetchSObject.js","statementMap":{"0":{"start":{"line":2,"column":28},"end":{"line":2,"column":58}},"1":{"start":{"line":3,"column":14},"end":{"line":3,"column":33}},"2":{"start":{"line":6,"column":8},"end":{"line":6,"column":31}},"3":{"start":{"line":7,"column":8},"end":{"line":7,"column":31}},"4":{"start":{"line":8,"column":8},"end":{"line":8,"column":37}},"5":{"start":{"line":11,"column":8},"end":{"line":11,"column":50}},"6":{"start":{"line":14,"column":25},"end":{"line":14,"column":86}},"7":{"start":{"line":15,"column":8},"end":{"line":15,"column":86}},"8":{"start":{"line":18,"column":23},"end":{"line":18,"column":54}},"9":{"start":{"line":19,"column":23},"end":{"line":19,"column":43}},"10":{"start":{"line":20,"column":27},"end":{"line":24,"column":9}},"11":{"start":{"line":25,"column":8},"end":{"line":25,"column":62}},"12":{"start":{"line":28,"column":8},"end":{"line":28,"column":54}},"13":{"start":{"line":31,"column":23},"end":{"line":31,"column":67}},"14":{"start":{"line":32,"column":27},"end":{"line":35,"column":9}},"15":{"start":{"line":36,"column":8},"end":{"line":36,"column":62}},"16":{"start":{"line":39,"column":8},"end":{"line":44,"column":9}},"17":{"start":{"line":40,"column":12},"end":{"line":43,"column":14}},"18":{"start":{"line":45,"column":23},"end":{"line":45,"column":43}},"19":{"start":{"line":46,"column":23},"end":{"line":46,"column":72}},"20":{"start":{"line":47,"column":27},"end":{"line":51,"column":9}},"21":{"start":{"line":52,"column":8},"end":{"line":52,"column":62}},"22":{"start":{"line":55,"column":23},"end":{"line":55,"column":67}},"23":{"start":{"line":56,"column":27},"end":{"line":58,"column":9}},"24":{"start":{"line":59,"column":8},"end":{"line":59,"column":62}},"25":{"start":{"line":62,"column":0},"end":{"line":62,"column":36}}},"fnMap":{"0":{"name":"(anonymous_0)","decl":{"start":{"line":5,"column":4},"end":{"line":5,"column":5}},"loc":{"start":{"line":5,"column":34},"end":{"line":9,"column":5}}},"1":{"name":"(anonymous_1)","decl":{"start":{"line":10,"column":4},"end":{"line":10,"column":5}},"loc":{"start":{"line":10,"column":36},"end":{"line":12,"column":5}}},"2":{"name":"(anonymous_2)","decl":{"start":{"line":13,"column":4},"end":{"line":13,"column":5}},"loc":{"start":{"line":13,"column":28},"end":{"line":16,"column":5}}},"3":{"name":"(anonymous_3)","decl":{"start":{"line":17,"column":4},"end":{"line":17,"column":5}},"loc":{"start":{"line":17,"column":30},"end":{"line":26,"column":5}}},"4":{"name":"(anonymous_4)","decl":{"start":{"line":27,"column":4},"end":{"line":27,"column":5}},"loc":{"start":{"line":27,"column":31},"end":{"line":29,"column":5}}},"5":{"name":"(anonymous_5)","decl":{"start":{"line":30,"column":4},"end":{"line":30,"column":5}},"loc":{"start":{"line":30,"column":25},"end":{"line":37,"column":5}}},"6":{"name":"(anonymous_6)","decl":{"start":{"line":38,"column":4},"end":{"line":38,"column":5}},"loc":{"start":{"line":38,"column":30},"end":{"line":53,"column":5}}},"7":{"name":"(anonymous_7)","decl":{"start":{"line":54,"column":4},"end":{"line":54,"column":5}},"loc":{"start":{"line":54,"column":28},"end":{"line":60,"column":5}}}},"branchMap":{"0":{"loc":{"start":{"line":39,"column":8},"end":{"line":44,"column":9}},"type":"if","locations":[{"start":{"line":39,"column":8},"end":{"line":44,"column":9}},{"start":{"line":39,"column":8},"end":{"line":44,"column":9}}]}},"s":{"0":3,"1":3,"2":11,"3":11,"4":11,"5":11,"6":11,"7":11,"8":1,"9":1,"10":1,"11":1,"12":4,"13":1,"14":1,"15":1,"16":2,"17":1,"18":1,"19":1,"20":1,"21":1,"22":1,"23":1,"24":1,"25":3},"f":{"0":11,"1":11,"2":11,"3":1,"4":4,"5":1,"6":2,"7":1},"b":{"0":[1,1]},"_coverageSchema":"332fd63041d2c1bcb487cc26dd0d5f7d97098a6c","hash":"8aff40a8d0a1f47651f1310f36905c9fdb30c4a8"}
,"/Users/davidhelmer/Work/NodeJS/fetch-salesforce/build/lib/fetchSalesforce.js": {"path":"/Users/davidhelmer/Work/NodeJS/fetch-salesforce/build/lib/fetchSalesforce.js","statementMap":{"0":{"start":{"line":2,"column":18},"end":{"line":2,"column":38}},"1":{"start":{"line":3,"column":23},"end":{"line":3,"column":48}},"2":{"start":{"line":4,"column":21},"end":{"line":4,"column":44}},"3":{"start":{"line":5,"column":23},"end":{"line":5,"column":48}},"4":{"start":{"line":6,"column":24},"end":{"line":6,"column":50}},"5":{"start":{"line":7,"column":28},"end":{"line":7,"column":58}},"6":{"start":{"line":8,"column":14},"end":{"line":8,"column":33}},"7":{"start":{"line":9,"column":20},"end":{"line":9,"column":42}},"8":{"start":{"line":12,"column":8},"end":{"line":12,"column":65}},"9":{"start":{"line":13,"column":8},"end":{"line":13,"column":62}},"10":{"start":{"line":14,"column":8},"end":{"line":14,"column":91}},"11":{"start":{"line":15,"column":8},"end":{"line":15,"column":85}},"12":{"start":{"line":16,"column":8},"end":{"line":16,"column":91}},"13":{"start":{"line":17,"column":8},"end":{"line":17,"column":94}},"14":{"start":{"line":20,"column":25},"end":{"line":24,"column":25}},"15":{"start":{"line":25,"column":27},"end":{"line":25,"column":66}},"16":{"start":{"line":26,"column":8},"end":{"line":26,"column":75}},"17":{"start":{"line":29,"column":0},"end":{"line":29,"column":42}}},"fnMap":{"0":{"name":"(anonymous_0)","decl":{"start":{"line":11,"column":4},"end":{"line":11,"column":5}},"loc":{"start":{"line":11,"column":25},"end":{"line":18,"column":5}}},"1":{"name":"(anonymous_1)","decl":{"start":{"line":19,"column":4},"end":{"line":19,"column":5}},"loc":{"start":{"line":19,"column":41},"end":{"line":27,"column":5}}}},"branchMap":{},"s":{"0":2,"1":2,"2":2,"3":2,"4":2,"5":2,"6":2,"7":2,"8":4,"9":4,"10":4,"11":4,"12":4,"13":4,"14":1,"15":1,"16":1,"17":2},"f":{"0":4,"1":1},"b":{},"_coverageSchema":"332fd63041d2c1bcb487cc26dd0d5f7d97098a6c","hash":"e51458e98a9d1aebda9315611f25ae91da304926"}
,"/Users/davidhelmer/Work/NodeJS/fetch-salesforce/build/lib/fetcher.js": {"path":"/Users/davidhelmer/Work/NodeJS/fetch-salesforce/build/lib/fetcher.js","statementMap":{"0":{"start":{"line":2,"column":20},"end":{"line":2,"column":42}},"1":{"start":{"line":3,"column":15},"end":{"line":3,"column":32}},"2":{"start":{"line":4,"column":16},"end":{"line":4,"column":35}},"3":{"start":{"line":5,"column":12},"end":{"line":5,"column":33}},"4":{"start":{"line":6,"column":0},"end":{"line":6,"column":24}},"5":{"start":{"line":9,"column":8},"end":{"line":9,"column":16}},"6":{"start":{"line":10,"column":8},"end":{"line":10,"column":31}},"7":{"start":{"line":11,"column":8},"end":{"line":11,"column":37}},"8":{"start":{"line":12,"column":8},"end":{"line":12,"column":45}},"9":{"start":{"line":13,"column":8},"end":{"line":13,"column":34}},"10":{"start":{"line":16,"column":8},"end":{"line":16,"column":36}},"11":{"start":{"line":19,"column":8},"end":{"line":24,"column":9}},"12":{"start":{"line":20,"column":12},"end":{"line":20,"column":53}},"13":{"start":{"line":23,"column":12},"end":{"line":23,"column":45}},"14":{"start":{"line":27,"column":8},"end":{"line":27,"column":43}},"15":{"start":{"line":28,"column":25},"end":{"line":28,"column":53}},"16":{"start":{"line":30,"column":24},"end":{"line":35,"column":9}},"17":{"start":{"line":36,"column":8},"end":{"line":38,"column":9}},"18":{"start":{"line":37,"column":12},"end":{"line":37,"column":64}},"19":{"start":{"line":39,"column":29},"end":{"line":46,"column":9}},"20":{"start":{"line":47,"column":8},"end":{"line":55,"column":11}},"21":{"start":{"line":48,"column":30},"end":{"line":48,"column":45}},"22":{"start":{"line":49,"column":30},"end":{"line":49,"column":92}},"23":{"start":{"line":51,"column":12},"end":{"line":51,"column":54}},"24":{"start":{"line":52,"column":12},"end":{"line":52,"column":46}},"25":{"start":{"line":53,"column":12},"end":{"line":53,"column":53}},"26":{"start":{"line":54,"column":12},"end":{"line":54,"column":28}},"27":{"start":{"line":58,"column":8},"end":{"line":83,"column":11}},"28":{"start":{"line":59,"column":12},"end":{"line":82,"column":15}},"29":{"start":{"line":61,"column":16},"end":{"line":61,"column":49}},"30":{"start":{"line":62,"column":37},"end":{"line":67,"column":17}},"31":{"start":{"line":68,"column":16},"end":{"line":68,"column":46}},"32":{"start":{"line":69,"column":16},"end":{"line":69,"column":45}},"33":{"start":{"line":70,"column":16},"end":{"line":81,"column":19}},"34":{"start":{"line":71,"column":38},"end":{"line":71,"column":53}},"35":{"start":{"line":73,"column":20},"end":{"line":80,"column":21}},"36":{"start":{"line":74,"column":24},"end":{"line":74,"column":84}},"37":{"start":{"line":75,"column":24},"end":{"line":75,"column":66}},"38":{"start":{"line":76,"column":24},"end":{"line":76,"column":87}},"39":{"start":{"line":79,"column":24},"end":{"line":79,"column":96}},"40":{"start":{"line":86,"column":8},"end":{"line":95,"column":11}},"41":{"start":{"line":88,"column":12},"end":{"line":90,"column":13}},"42":{"start":{"line":89,"column":16},"end":{"line":89,"column":29}},"43":{"start":{"line":91,"column":35},"end":{"line":93,"column":13}},"44":{"start":{"line":94,"column":12},"end":{"line":94,"column":60}},"45":{"start":{"line":98,"column":8},"end":{"line":100,"column":62}},"46":{"start":{"line":103,"column":8},"end":{"line":114,"column":9}},"47":{"start":{"line":104,"column":12},"end":{"line":104,"column":48}},"48":{"start":{"line":105,"column":12},"end":{"line":105,"column":75}},"49":{"start":{"line":106,"column":12},"end":{"line":110,"column":15}},"50":{"start":{"line":109,"column":16},"end":{"line":109,"column":51}},"51":{"start":{"line":113,"column":12},"end":{"line":113,"column":53}},"52":{"start":{"line":117,"column":28},"end":{"line":117,"column":30}},"53":{"start":{"line":118,"column":8},"end":{"line":118,"column":91}},"54":{"start":{"line":119,"column":8},"end":{"line":121,"column":9}},"55":{"start":{"line":120,"column":12},"end":{"line":120,"column":105}},"56":{"start":{"line":122,"column":8},"end":{"line":122,"column":37}},"57":{"start":{"line":123,"column":8},"end":{"line":138,"column":11}},"58":{"start":{"line":125,"column":12},"end":{"line":130,"column":13}},"59":{"start":{"line":126,"column":31},"end":{"line":126,"column":54}},"60":{"start":{"line":127,"column":37},"end":{"line":127,"column":71}},"61":{"start":{"line":128,"column":16},"end":{"line":128,"column":45}},"62":{"start":{"line":129,"column":16},"end":{"line":129,"column":49}},"63":{"start":{"line":131,"column":12},"end":{"line":131,"column":88}},"64":{"start":{"line":132,"column":12},"end":{"line":132,"column":38}},"65":{"start":{"line":135,"column":12},"end":{"line":135,"column":66}},"66":{"start":{"line":136,"column":12},"end":{"line":136,"column":33}},"67":{"start":{"line":137,"column":12},"end":{"line":137,"column":26}},"68":{"start":{"line":142,"column":8},"end":{"line":153,"column":9}},"69":{"start":{"line":143,"column":37},"end":{"line":147,"column":13}},"70":{"start":{"line":148,"column":12},"end":{"line":148,"column":46}},"71":{"start":{"line":149,"column":12},"end":{"line":149,"column":37}},"72":{"start":{"line":152,"column":12},"end":{"line":152,"column":28}},"73":{"start":{"line":156,"column":8},"end":{"line":158,"column":9}},"74":{"start":{"line":157,"column":12},"end":{"line":157,"column":46}},"75":{"start":{"line":159,"column":8},"end":{"line":159,"column":41}},"76":{"start":{"line":160,"column":25},"end":{"line":160,"column":54}},"77":{"start":{"line":161,"column":24},"end":{"line":163,"column":9}},"78":{"start":{"line":164,"column":29},"end":{"line":170,"column":9}},"79":{"start":{"line":171,"column":8},"end":{"line":187,"column":11}},"80":{"start":{"line":173,"column":12},"end":{"line":181,"column":13}},"81":{"start":{"line":174,"column":48},"end":{"line":178,"column":17}},"82":{"start":{"line":179,"column":16},"end":{"line":179,"column":57}},"83":{"start":{"line":180,"column":16},"end":{"line":180,"column":48}},"84":{"start":{"line":184,"column":12},"end":{"line":184,"column":41}},"85":{"start":{"line":185,"column":12},"end":{"line":185,"column":49}},"86":{"start":{"line":186,"column":12},"end":{"line":186,"column":44}},"87":{"start":{"line":190,"column":0},"end":{"line":190,"column":26}}},"fnMap":{"0":{"name":"(anonymous_0)","decl":{"start":{"line":8,"column":4},"end":{"line":8,"column":5}},"loc":{"start":{"line":8,"column":25},"end":{"line":14,"column":5}}},"1":{"name":"(anonymous_1)","decl":{"start":{"line":15,"column":4},"end":{"line":15,"column":5}},"loc":{"start":{"line":15,"column":27},"end":{"line":17,"column":5}}},"2":{"name":"(anonymous_2)","decl":{"start":{"line":18,"column":4},"end":{"line":18,"column":5}},"loc":{"start":{"line":18,"column":21},"end":{"line":25,"column":5}}},"3":{"name":"(anonymous_3)","decl":{"start":{"line":26,"column":4},"end":{"line":26,"column":5}},"loc":{"start":{"line":26,"column":25},"end":{"line":56,"column":5}}},"4":{"name":"(anonymous_4)","decl":{"start":{"line":48,"column":18},"end":{"line":48,"column":19}},"loc":{"start":{"line":48,"column":30},"end":{"line":48,"column":45}}},"5":{"name":"(anonymous_5)","decl":{"start":{"line":49,"column":18},"end":{"line":49,"column":19}},"loc":{"start":{"line":49,"column":30},"end":{"line":49,"column":92}}},"6":{"name":"(anonymous_6)","decl":{"start":{"line":50,"column":18},"end":{"line":50,"column":19}},"loc":{"start":{"line":50,"column":32},"end":{"line":55,"column":9}}},"7":{"name":"(anonymous_7)","decl":{"start":{"line":57,"column":4},"end":{"line":57,"column":5}},"loc":{"start":{"line":57,"column":42},"end":{"line":84,"column":5}}},"8":{"name":"(anonymous_8)","decl":{"start":{"line":58,"column":27},"end":{"line":58,"column":28}},"loc":{"start":{"line":58,"column":48},"end":{"line":83,"column":9}}},"9":{"name":"(anonymous_9)","decl":{"start":{"line":60,"column":22},"end":{"line":60,"column":23}},"loc":{"start":{"line":60,"column":33},"end":{"line":82,"column":13}}},"10":{"name":"(anonymous_10)","decl":{"start":{"line":71,"column":26},"end":{"line":71,"column":27}},"loc":{"start":{"line":71,"column":38},"end":{"line":71,"column":53}}},"11":{"name":"(anonymous_11)","decl":{"start":{"line":72,"column":26},"end":{"line":72,"column":27}},"loc":{"start":{"line":72,"column":38},"end":{"line":81,"column":17}}},"12":{"name":"(anonymous_12)","decl":{"start":{"line":85,"column":4},"end":{"line":85,"column":5}},"loc":{"start":{"line":85,"column":37},"end":{"line":96,"column":5}}},"13":{"name":"(anonymous_13)","decl":{"start":{"line":87,"column":18},"end":{"line":87,"column":19}},"loc":{"start":{"line":87,"column":43},"end":{"line":95,"column":9}}},"14":{"name":"(anonymous_14)","decl":{"start":{"line":97,"column":4},"end":{"line":97,"column":5}},"loc":{"start":{"line":97,"column":31},"end":{"line":101,"column":5}}},"15":{"name":"(anonymous_15)","decl":{"start":{"line":102,"column":4},"end":{"line":102,"column":5}},"loc":{"start":{"line":102,"column":62},"end":{"line":115,"column":5}}},"16":{"name":"(anonymous_16)","decl":{"start":{"line":108,"column":22},"end":{"line":108,"column":23}},"loc":{"start":{"line":108,"column":28},"end":{"line":110,"column":13}}},"17":{"name":"(anonymous_17)","decl":{"start":{"line":116,"column":4},"end":{"line":116,"column":5}},"loc":{"start":{"line":116,"column":27},"end":{"line":140,"column":5}}},"18":{"name":"(anonymous_18)","decl":{"start":{"line":124,"column":18},"end":{"line":124,"column":19}},"loc":{"start":{"line":124,"column":31},"end":{"line":133,"column":9}}},"19":{"name":"(anonymous_19)","decl":{"start":{"line":134,"column":19},"end":{"line":134,"column":20}},"loc":{"start":{"line":134,"column":28},"end":{"line":138,"column":9}}},"20":{"name":"(anonymous_20)","decl":{"start":{"line":141,"column":4},"end":{"line":141,"column":5}},"loc":{"start":{"line":141,"column":62},"end":{"line":154,"column":5}}},"21":{"name":"(anonymous_21)","decl":{"start":{"line":155,"column":4},"end":{"line":155,"column":5}},"loc":{"start":{"line":155,"column":24},"end":{"line":188,"column":5}}},"22":{"name":"(anonymous_22)","decl":{"start":{"line":172,"column":18},"end":{"line":172,"column":19}},"loc":{"start":{"line":172,"column":30},"end":{"line":182,"column":9}}},"23":{"name":"(anonymous_23)","decl":{"start":{"line":183,"column":18},"end":{"line":183,"column":19}},"loc":{"start":{"line":183,"column":30},"end":{"line":187,"column":9}}}},"branchMap":{"0":{"loc":{"start":{"line":19,"column":8},"end":{"line":24,"column":9}},"type":"if","locations":[{"start":{"line":19,"column":8},"end":{"line":24,"column":9}},{"start":{"line":19,"column":8},"end":{"line":24,"column":9}}]},"1":{"loc":{"start":{"line":36,"column":8},"end":{"line":38,"column":9}},"type":"if","locations":[{"start":{"line":36,"column":8},"end":{"line":38,"column":9}},{"start":{"line":36,"column":8},"end":{"line":38,"column":9}}]},"2":{"loc":{"start":{"line":73,"column":20},"end":{"line":80,"column":21}},"type":"if","locations":[{"start":{"line":73,"column":20},"end":{"line":80,"column":21}},{"start":{"line":73,"column":20},"end":{"line":80,"column":21}}]},"3":{"loc":{"start":{"line":88,"column":12},"end":{"line":90,"column":13}},"type":"if","locations":[{"start":{"line":88,"column":12},"end":{"line":90,"column":13}},{"start":{"line":88,"column":12},"end":{"line":90,"column":13}}]},"4":{"loc":{"start":{"line":98,"column":15},"end":{"line":100,"column":61}},"type":"binary-expr","locations":[{"start":{"line":98,"column":15},"end":{"line":98,"column":38}},{"start":{"line":99,"column":15},"end":{"line":99,"column":34}},{"start":{"line":100,"column":15},"end":{"line":100,"column":61}}]},"5":{"loc":{"start":{"line":103,"column":8},"end":{"line":114,"column":9}},"type":"if","locations":[{"start":{"line":103,"column":8},"end":{"line":114,"column":9}},{"start":{"line":103,"column":8},"end":{"line":114,"column":9}}]},"6":{"loc":{"start":{"line":142,"column":8},"end":{"line":153,"column":9}},"type":"if","locations":[{"start":{"line":142,"column":8},"end":{"line":153,"column":9}},{"start":{"line":142,"column":8},"end":{"line":153,"column":9}}]},"7":{"loc":{"start":{"line":142,"column":12},"end":{"line":142,"column":39}},"type":"binary-expr","locations":[{"start":{"line":142,"column":12},"end":{"line":142,"column":21}},{"start":{"line":142,"column":25},"end":{"line":142,"column":39}}]},"8":{"loc":{"start":{"line":156,"column":8},"end":{"line":158,"column":9}},"type":"if","locations":[{"start":{"line":156,"column":8},"end":{"line":158,"column":9}},{"start":{"line":156,"column":8},"end":{"line":158,"column":9}}]},"9":{"loc":{"start":{"line":173,"column":12},"end":{"line":181,"column":13}},"type":"if","locations":[{"start":{"line":173,"column":12},"end":{"line":181,"column":13}},{"start":{"line":173,"column":12},"end":{"line":181,"column":13}}]},"10":{"loc":{"start":{"line":173,"column":16},"end":{"line":173,"column":58}},"type":"binary-expr","locations":[{"start":{"line":173,"column":16},"end":{"line":173,"column":31}},{"start":{"line":173,"column":35},"end":{"line":173,"column":58}}]}},"s":{"0":6,"1":6,"2":6,"3":6,"4":6,"5":28,"6":28,"7":28,"8":28,"9":28,"10":28,"11":0,"12":0,"13":0,"14":0,"15":0,"16":0,"17":0,"18":0,"19":0,"20":0,"21":0,"22":0,"23":0,"24":0,"25":0,"26":0,"27":0,"28":0,"29":0,"30":0,"31":0,"32":0,"33":0,"34":0,"35":0,"36":0,"37":0,"38":0,"39":0,"40":0,"41":0,"42":0,"43":0,"44":0,"45":0,"46":0,"47":0,"48":0,"49":0,"50":0,"51":0,"52":0,"53":0,"54":0,"55":0,"56":0,"57":0,"58":0,"59":0,"60":0,"61":0,"62":0,"63":0,"64":0,"65":0,"66":0,"67":0,"68":0,"69":0,"70":0,"71":0,"72":0,"73":0,"74":0,"75":0,"76":0,"77":0,"78":0,"79":0,"80":0,"81":0,"82":0,"83":0,"84":0,"85":0,"86":0,"87":6},"f":{"0":28,"1":28,"2":0,"3":0,"4":0,"5":0,"6":0,"7":0,"8":0,"9":0,"10":0,"11":0,"12":0,"13":0,"14":0,"15":0,"16":0,"17":0,"18":0,"19":0,"20":0,"21":0,"22":0,"23":0},"b":{"0":[0,0],"1":[0,0],"2":[0,0],"3":[0,0],"4":[0,0,0],"5":[0,0],"6":[0,0],"7":[0,0],"8":[0,0],"9":[0,0],"10":[0,0]},"_coverageSchema":"332fd63041d2c1bcb487cc26dd0d5f7d97098a6c","hash":"78266f108bbf4819ff1c427033687bb888ac9a47"}
,"/Users/davidhelmer/Work/NodeJS/fetch-salesforce/build/lib/salesforceOptions.js": {"path":"/Users/davidhelmer/Work/NodeJS/fetch-salesforce/build/lib/salesforceOptions.js","statementMap":{"0":{"start":{"line":2,"column":14},"end":{"line":2,"column":32}},"1":{"start":{"line":3,"column":14},"end":{"line":3,"column":33}},"2":{"start":{"line":4,"column":21},"end":{"line":7,"column":1}},"3":{"start":{"line":9,"column":34},"end":{"line":9,"column":67}},"4":{"start":{"line":10,"column":4},"end":{"line":10,"column":109}},"5":{"start":{"line":11,"column":4},"end":{"line":11,"column":97}},"6":{"start":{"line":12,"column":4},"end":{"line":12,"column":99}},"7":{"start":{"line":13,"column":4},"end":{"line":13,"column":59}},"8":{"start":{"line":15,"column":0},"end":{"line":15,"column":36}},"9":{"start":{"line":17,"column":4},"end":{"line":17,"column":51}},"10":{"start":{"line":19,"column":0},"end":{"line":19,"column":44}}},"fnMap":{"0":{"name":"withDefaults","decl":{"start":{"line":8,"column":9},"end":{"line":8,"column":21}},"loc":{"start":{"line":8,"column":31},"end":{"line":14,"column":1}}},"1":{"name":"formatApiVersion","decl":{"start":{"line":16,"column":9},"end":{"line":16,"column":25}},"loc":{"start":{"line":16,"column":38},"end":{"line":18,"column":1}}}},"branchMap":{},"s":{"0":7,"1":7,"2":7,"3":46,"4":46,"5":46,"6":46,"7":46,"8":7,"9":37,"10":7},"f":{"0":46,"1":37},"b":{},"_coverageSchema":"332fd63041d2c1bcb487cc26dd0d5f7d97098a6c","hash":"411567596dd355f5f8cf558644b90daa9ab53169"}
}
