TN:
SF:/Users/davidhelmer/Work/NodeJS/fetch-salesforce/build/index.js
FNF:0
FNH:0
DA:2,1
DA:3,1
LF:2
LH:2
BRF:0
BRH:0
end_of_record
TN:
SF:/Users/davidhelmer/Work/NodeJS/fetch-salesforce/build/lib/fetchApexREST.js
FN:3,(anonymous_0)
FN:4,FetchApexREST
FN:9,(anonymous_2)
FN:12,(anonymous_3)
FN:15,(anonymous_4)
FN:22,(anonymous_5)
FN:25,(anonymous_6)
FN:35,(anonymous_7)
FN:45,(anonymous_8)
FNF:9
FNH:9
FNDA:3,(anonymous_0)
FNDA:10,FetchApexREST
FNDA:10,(anonymous_2)
FNDA:10,(anonymous_3)
FNDA:1,(anonymous_4)
FNDA:4,(anonymous_5)
FNDA:1,(anonymous_6)
FNDA:1,(anonymous_7)
FNDA:1,(anonymous_8)
DA:2,3
DA:3,3
DA:5,10
DA:6,10
DA:7,10
DA:9,3
DA:10,10
DA:12,3
DA:13,10
DA:15,3
DA:16,1
DA:17,1
DA:20,1
DA:22,3
DA:23,4
DA:25,3
DA:26,1
DA:27,1
DA:28,1
DA:33,1
DA:35,3
DA:36,1
DA:37,1
DA:38,1
DA:43,1
DA:45,3
DA:46,1
DA:47,1
DA:50,1
DA:52,3
DA:54,3
LF:31
LH:31
BRF:0
BRH:0
end_of_record
TN:
SF:/Users/davidhelmer/Work/NodeJS/fetch-salesforce/build/lib/fetchChatter.js
FN:4,(anonymous_0)
FN:5,FetchChatter
FN:13,(anonymous_2)
FN:16,(anonymous_3)
FN:20,(anonymous_4)
FN:29,(anonymous_5)
FN:34,(anonymous_6)
FNF:7
FNH:7
FNDA:3,(anonymous_0)
FNDA:12,FetchChatter
FNDA:12,(anonymous_2)
FNDA:12,(anonymous_3)
FNDA:2,(anonymous_4)
FNDA:4,(anonymous_5)
FNDA:2,(anonymous_6)
DA:2,3
DA:3,3
DA:4,3
DA:6,12
DA:7,12
DA:8,12
DA:9,8
DA:11,12
DA:13,3
DA:14,12
DA:16,3
DA:17,12
DA:18,12
DA:20,3
DA:21,2
DA:22,1
DA:23,1
DA:27,1
DA:29,3
DA:30,4
DA:31,2
DA:34,3
DA:35,2
DA:36,1
DA:37,1
DA:38,1
DA:43,1
DA:45,3
DA:47,3
LF:29
LH:29
BRDA:8,0,0,8
BRDA:8,0,1,4
BRDA:30,1,0,2
BRDA:30,1,1,2
BRF:4
BRH:4
end_of_record
TN:
SF:/Users/davidhelmer/Work/NodeJS/fetch-salesforce/build/lib/fetchQuery.js
FN:5,(anonymous_0)
FN:6,FetchQuery
FN:11,(anonymous_2)
FN:14,(anonymous_3)
FN:18,(anonymous_4)
FNF:5
FNH:5
FNDA:3,(anonymous_0)
FNDA:7,FetchQuery
FNDA:7,(anonymous_2)
FNDA:7,(anonymous_3)
FNDA:1,(anonymous_4)
DA:2,3
DA:3,3
DA:4,3
DA:5,3
DA:7,7
DA:8,7
DA:9,7
DA:11,3
DA:12,7
DA:14,3
DA:15,7
DA:16,7
DA:18,3
DA:19,1
DA:20,1
DA:21,1
DA:25,1
DA:27,3
DA:29,3
LF:19
LH:19
BRF:0
BRH:0
end_of_record
TN:
SF:/Users/davidhelmer/Work/NodeJS/fetch-salesforce/build/lib/fetchSObject.js
FN:4,(anonymous_0)
FN:5,FetchSObject
FN:10,(anonymous_2)
FN:13,(anonymous_3)
FN:17,(anonymous_4)
FN:27,(anonymous_5)
FN:30,(anonymous_6)
FN:38,(anonymous_7)
FN:54,(anonymous_8)
FNF:9
FNH:9
FNDA:3,(anonymous_0)
FNDA:11,FetchSObject
FNDA:11,(anonymous_2)
FNDA:11,(anonymous_3)
FNDA:1,(anonymous_4)
FNDA:4,(anonymous_5)
FNDA:1,(anonymous_6)
FNDA:2,(anonymous_7)
FNDA:1,(anonymous_8)
DA:2,3
DA:3,3
DA:4,3
DA:6,11
DA:7,11
DA:8,11
DA:10,3
DA:11,11
DA:13,3
DA:14,11
DA:15,11
DA:17,3
DA:18,1
DA:19,1
DA:20,1
DA:25,1
DA:27,3
DA:28,4
DA:30,3
DA:31,1
DA:32,1
DA:36,1
DA:38,3
DA:39,2
DA:40,1
DA:45,1
DA:46,1
DA:47,1
DA:52,1
DA:54,3
DA:55,1
DA:56,1
DA:59,1
DA:61,3
DA:63,3
LF:35
LH:35
BRDA:39,0,0,1
BRDA:39,0,1,1
BRF:2
BRH:2
end_of_record
TN:
SF:/Users/davidhelmer/Work/NodeJS/fetch-salesforce/build/lib/fetchSalesforce.js
FN:10,(anonymous_0)
FN:11,FetchSalesforce
FN:19,(anonymous_2)
FNF:3
FNH:3
FNDA:2,(anonymous_0)
FNDA:4,FetchSalesforce
FNDA:1,(anonymous_2)
DA:2,2
DA:3,2
DA:4,2
DA:5,2
DA:6,2
DA:7,2
DA:8,2
DA:9,2
DA:10,2
DA:12,4
DA:13,4
DA:14,4
DA:15,4
DA:16,4
DA:17,4
DA:19,2
DA:20,1
DA:25,1
DA:26,1
DA:28,2
DA:30,2
LF:21
LH:21
BRF:0
BRH:0
end_of_record
TN:
SF:/Users/davidhelmer/Work/NodeJS/fetch-salesforce/build/lib/fetcher.js
FN:2,(anonymous_0)
FN:4,__
FN:12,(anonymous_2)
FN:14,Fetcher
FN:21,(anonymous_4)
FN:24,(anonymous_5)
FN:32,(anonymous_6)
FN:55,(anonymous_7)
FN:56,(anonymous_8)
FN:57,(anonymous_9)
FN:64,(anonymous_10)
FN:66,(anonymous_11)
FN:68,(anonymous_12)
FN:79,(anonymous_13)
FN:80,(anonymous_14)
FN:93,(anonymous_15)
FN:96,(anonymous_16)
FN:106,(anonymous_17)
FN:111,(anonymous_18)
FN:118,(anonymous_19)
FN:126,(anonymous_20)
FN:136,(anonymous_21)
FN:146,(anonymous_22)
FN:153,(anonymous_23)
FN:167,(anonymous_24)
FN:185,(anonymous_25)
FN:196,(anonymous_26)
FNF:27
FNH:5
FNDA:6,(anonymous_0)
FNDA:6,__
FNDA:6,(anonymous_2)
FNDA:28,Fetcher
FNDA:28,(anonymous_4)
FNDA:0,(anonymous_5)
FNDA:0,(anonymous_6)
FNDA:0,(anonymous_7)
FNDA:0,(anonymous_8)
FNDA:0,(anonymous_9)
FNDA:0,(anonymous_10)
FNDA:0,(anonymous_11)
FNDA:0,(anonymous_12)
FNDA:0,(anonymous_13)
FNDA:0,(anonymous_14)
FNDA:0,(anonymous_15)
FNDA:0,(anonymous_16)
FNDA:0,(anonymous_17)
FNDA:0,(anonymous_18)
FNDA:0,(anonymous_19)
FNDA:0,(anonymous_20)
FNDA:0,(anonymous_21)
FNDA:0,(anonymous_22)
FNDA:0,(anonymous_23)
FNDA:0,(anonymous_24)
FNDA:0,(anonymous_25)
FNDA:0,(anonymous_26)
DA:2,6
DA:3,30
DA:4,6
DA:5,6
DA:7,6
DA:8,6
DA:9,6
DA:10,6
DA:11,6
DA:12,6
DA:13,6
DA:15,28
DA:16,28
DA:17,28
DA:18,28
DA:19,28
DA:21,6
DA:22,28
DA:24,6
DA:25,0
DA:26,0
DA:29,0
DA:32,6
DA:33,0
DA:34,0
DA:35,0
DA:37,0
DA:43,0
DA:44,0
DA:46,0
DA:54,0
DA:55,0
DA:56,0
DA:58,0
DA:59,0
DA:60,0
DA:61,0
DA:64,6
DA:65,0
DA:66,0
DA:67,0
DA:69,0
DA:70,0
DA:76,0
DA:77,0
DA:78,0
DA:79,0
DA:81,0
DA:82,0
DA:83,0
DA:84,0
DA:87,0
DA:93,6
DA:94,0
DA:95,0
DA:97,0
DA:98,0
DA:100,0
DA:103,0
DA:106,6
DA:107,0
DA:111,6
DA:112,0
DA:113,0
DA:114,0
DA:115,0
DA:116,0
DA:119,0
DA:123,0
DA:126,6
DA:127,0
DA:128,0
DA:129,0
DA:130,0
DA:131,0
DA:132,0
DA:134,0
DA:135,0
DA:137,0
DA:138,0
DA:139,0
DA:140,0
DA:141,0
DA:143,0
DA:144,0
DA:147,0
DA:148,0
DA:149,0
DA:153,6
DA:154,0
DA:155,0
DA:160,0
DA:161,0
DA:164,0
DA:167,6
DA:168,0
DA:169,0
DA:170,0
DA:172,0
DA:173,0
DA:174,0
DA:177,0
DA:184,0
DA:186,0
DA:187,0
DA:192,0
DA:193,0
DA:197,0
DA:198,0
DA:199,0
DA:202,6
DA:204,6
LF:112
LH:29
BRDA:2,0,0,6
BRDA:2,0,1,6
BRDA:2,0,2,6
BRDA:3,1,0,30
BRDA:3,1,1,0
BRDA:5,2,0,0
BRDA:5,2,1,6
BRDA:25,3,0,0
BRDA:25,3,1,0
BRDA:43,4,0,0
BRDA:43,4,1,0
BRDA:81,5,0,0
BRDA:81,5,1,0
BRDA:97,6,0,0
BRDA:97,6,1,0
BRDA:107,7,0,0
BRDA:107,7,1,0
BRDA:107,7,2,0
BRDA:113,8,0,0
BRDA:113,8,1,0
BRDA:154,9,0,0
BRDA:154,9,1,0
BRDA:154,10,0,0
BRDA:154,10,1,0
BRDA:169,11,0,0
BRDA:169,11,1,0
BRDA:186,12,0,0
BRDA:186,12,1,0
BRDA:186,13,0,0
BRDA:186,13,1,0
BRF:30
BRH:5
end_of_record
TN:
SF:/Users/davidhelmer/Work/NodeJS/fetch-salesforce/build/lib/salesforceOptions.js
FN:7,withDefaults
FN:15,formatApiVersion
FNF:2
FNH:2
FNDA:32,withDefaults
FNDA:37,formatApiVersion
DA:2,7
DA:3,7
DA:4,7
DA:8,32
DA:9,32
DA:10,32
DA:11,32
DA:12,32
DA:14,7
DA:16,37
DA:18,7
LF:11
LH:11
BRF:0
BRH:0
end_of_record
