TN:
SF:/Users/davidhelmer/Work/NodeJS/fetch-salesforce/build/index.js
FNF:0
FNH:0
DA:2,1
DA:3,1
LF:2
LH:2
BRF:0
BRH:0
end_of_record
TN:
SF:/Users/davidhelmer/Work/NodeJS/fetch-salesforce/build/lib/fetchApexREST.js
FN:4,(anonymous_0)
FN:8,(anonymous_1)
FN:11,(anonymous_2)
FN:14,(anonymous_3)
FN:21,(anonymous_4)
FN:24,(anonymous_5)
FN:34,(anonymous_6)
FN:44,(anonymous_7)
FNF:8
FNH:8
FNDA:9,(anonymous_0)
FNDA:9,(anonymous_1)
FNDA:4,(anonymous_2)
FNDA:1,(anonymous_3)
FNDA:4,(anonymous_4)
FNDA:1,(anonymous_5)
FNDA:1,(anonymous_6)
FNDA:1,(anonymous_7)
DA:2,3
DA:5,9
DA:6,9
DA:9,9
DA:12,4
DA:15,1
DA:16,1
DA:19,1
DA:22,4
DA:25,1
DA:26,1
DA:27,1
DA:32,1
DA:35,1
DA:36,1
DA:37,1
DA:42,1
DA:45,1
DA:46,1
DA:49,1
DA:52,3
LF:21
LH:21
BRF:0
BRH:0
end_of_record
TN:
SF:/Users/davidhelmer/Work/NodeJS/fetch-salesforce/build/lib/fetchChatter.js
FN:5,(anonymous_0)
FN:12,(anonymous_1)
FN:15,(anonymous_2)
FN:19,(anonymous_3)
FN:28,(anonymous_4)
FN:33,(anonymous_5)
FNF:6
FNH:6
FNDA:10,(anonymous_0)
FNDA:10,(anonymous_1)
FNDA:2,(anonymous_2)
FNDA:2,(anonymous_3)
FNDA:4,(anonymous_4)
FNDA:2,(anonymous_5)
DA:2,3
DA:3,3
DA:6,10
DA:7,10
DA:8,10
DA:9,7
DA:13,10
DA:16,2
DA:17,2
DA:20,2
DA:21,1
DA:22,1
DA:26,1
DA:29,4
DA:30,2
DA:34,2
DA:35,1
DA:36,1
DA:37,1
DA:42,1
DA:45,3
LF:21
LH:21
BRDA:8,0,0,7
BRDA:8,0,1,3
BRDA:29,1,0,2
BRDA:29,1,1,2
BRF:4
BRH:4
end_of_record
TN:
SF:/Users/davidhelmer/Work/NodeJS/fetch-salesforce/build/lib/fetchQuery.js
FN:6,(anonymous_0)
FN:10,(anonymous_1)
FN:13,(anonymous_2)
FN:17,(anonymous_3)
FNF:4
FNH:4
FNDA:6,(anonymous_0)
FNDA:6,(anonymous_1)
FNDA:1,(anonymous_2)
FNDA:1,(anonymous_3)
DA:2,3
DA:3,3
DA:4,3
DA:7,6
DA:8,6
DA:11,6
DA:14,1
DA:15,1
DA:18,1
DA:19,1
DA:20,1
DA:24,1
DA:27,3
LF:13
LH:13
BRF:0
BRH:0
end_of_record
TN:
SF:/Users/davidhelmer/Work/NodeJS/fetch-salesforce/build/lib/fetchSObject.js
FN:5,(anonymous_0)
FN:9,(anonymous_1)
FN:12,(anonymous_2)
FN:16,(anonymous_3)
FN:26,(anonymous_4)
FN:29,(anonymous_5)
FN:37,(anonymous_6)
FN:53,(anonymous_7)
FNF:8
FNH:8
FNDA:10,(anonymous_0)
FNDA:10,(anonymous_1)
FNDA:4,(anonymous_2)
FNDA:1,(anonymous_3)
FNDA:4,(anonymous_4)
FNDA:1,(anonymous_5)
FNDA:2,(anonymous_6)
FNDA:1,(anonymous_7)
DA:2,3
DA:3,3
DA:6,10
DA:7,10
DA:10,10
DA:13,4
DA:14,4
DA:17,1
DA:18,1
DA:19,1
DA:24,1
DA:27,4
DA:30,1
DA:31,1
DA:35,1
DA:38,2
DA:39,1
DA:44,1
DA:45,1
DA:46,1
DA:51,1
DA:54,1
DA:55,1
DA:58,1
DA:61,3
LF:25
LH:25
BRDA:38,0,0,1
BRDA:38,0,1,1
BRF:2
BRH:2
end_of_record
TN:
SF:/Users/davidhelmer/Work/NodeJS/fetch-salesforce/build/lib/fetchSalesforce.js
FN:12,(anonymous_0)
FN:21,(anonymous_1)
FNF:2
FNH:2
FNDA:4,(anonymous_0)
FNDA:1,(anonymous_1)
DA:2,2
DA:3,2
DA:4,2
DA:5,2
DA:6,2
DA:7,2
DA:8,2
DA:9,2
DA:10,2
DA:13,4
DA:14,4
DA:15,4
DA:16,4
DA:17,4
DA:18,4
DA:19,4
DA:22,1
DA:27,1
DA:28,1
DA:31,2
LF:20
LH:20
BRF:0
BRH:0
end_of_record
TN:
SF:/Users/davidhelmer/Work/NodeJS/fetch-salesforce/build/lib/fetchUserInfo.js
FN:4,(anonymous_0)
FN:8,(anonymous_1)
FN:11,(anonymous_2)
FN:14,(anonymous_3)
FNF:4
FNH:2
FNDA:4,(anonymous_0)
FNDA:4,(anonymous_1)
FNDA:0,(anonymous_2)
FNDA:0,(anonymous_3)
DA:2,2
DA:5,4
DA:6,4
DA:9,4
DA:12,0
DA:15,0
DA:16,0
DA:20,0
DA:23,2
LF:9
LH:5
BRF:0
BRH:0
end_of_record
TN:
SF:/Users/davidhelmer/Work/NodeJS/fetch-salesforce/build/lib/fetcher.js
FN:7,(anonymous_0)
FN:14,(anonymous_1)
FN:17,(anonymous_2)
FN:25,(anonymous_3)
FN:48,(anonymous_4)
FN:49,(anonymous_5)
FN:50,(anonymous_6)
FN:57,(anonymous_7)
FN:58,(anonymous_8)
FN:60,(anonymous_9)
FN:72,(anonymous_10)
FN:73,(anonymous_11)
FN:86,(anonymous_12)
FN:88,(anonymous_13)
FN:98,(anonymous_14)
FN:103,(anonymous_15)
FN:109,(anonymous_16)
FN:117,(anonymous_17)
FN:125,(anonymous_18)
FN:135,(anonymous_19)
FN:142,(anonymous_20)
FN:156,(anonymous_21)
FN:174,(anonymous_22)
FN:185,(anonymous_23)
FNF:24
FNH:2
FNDA:24,(anonymous_0)
FNDA:24,(anonymous_1)
FNDA:0,(anonymous_2)
FNDA:0,(anonymous_3)
FNDA:0,(anonymous_4)
FNDA:0,(anonymous_5)
FNDA:0,(anonymous_6)
FNDA:0,(anonymous_7)
FNDA:0,(anonymous_8)
FNDA:0,(anonymous_9)
FNDA:0,(anonymous_10)
FNDA:0,(anonymous_11)
FNDA:0,(anonymous_12)
FNDA:0,(anonymous_13)
FNDA:0,(anonymous_14)
FNDA:0,(anonymous_15)
FNDA:0,(anonymous_16)
FNDA:0,(anonymous_17)
FNDA:0,(anonymous_18)
FNDA:0,(anonymous_19)
FNDA:0,(anonymous_20)
FNDA:0,(anonymous_21)
FNDA:0,(anonymous_22)
FNDA:0,(anonymous_23)
DA:2,7
DA:3,7
DA:4,7
DA:5,7
DA:8,24
DA:9,24
DA:10,24
DA:11,24
DA:12,24
DA:15,24
DA:18,0
DA:19,0
DA:22,0
DA:26,0
DA:27,0
DA:29,0
DA:35,0
DA:36,0
DA:38,0
DA:46,0
DA:47,0
DA:48,0
DA:49,0
DA:51,0
DA:52,0
DA:53,0
DA:54,0
DA:58,0
DA:59,0
DA:61,0
DA:62,0
DA:68,0
DA:69,0
DA:70,0
DA:71,0
DA:72,0
DA:74,0
DA:75,0
DA:76,0
DA:77,0
DA:80,0
DA:87,0
DA:89,0
DA:90,0
DA:92,0
DA:95,0
DA:99,0
DA:104,0
DA:105,0
DA:106,0
DA:107,0
DA:110,0
DA:114,0
DA:118,0
DA:119,0
DA:120,0
DA:121,0
DA:123,0
DA:124,0
DA:126,0
DA:127,0
DA:128,0
DA:129,0
DA:130,0
DA:132,0
DA:133,0
DA:136,0
DA:137,0
DA:138,0
DA:143,0
DA:144,0
DA:149,0
DA:150,0
DA:153,0
DA:157,0
DA:158,0
DA:160,0
DA:161,0
DA:162,0
DA:165,0
DA:172,0
DA:173,0
DA:175,0
DA:176,0
DA:181,0
DA:182,0
DA:186,0
DA:187,0
DA:188,0
DA:192,7
LF:90
LH:11
BRDA:18,0,0,0
BRDA:18,0,1,0
BRDA:35,1,0,0
BRDA:35,1,1,0
BRDA:74,2,0,0
BRDA:74,2,1,0
BRDA:89,3,0,0
BRDA:89,3,1,0
BRDA:99,4,0,0
BRDA:99,4,1,0
BRDA:99,4,2,0
BRDA:104,5,0,0
BRDA:104,5,1,0
BRDA:143,6,0,0
BRDA:143,6,1,0
BRDA:143,7,0,0
BRDA:143,7,1,0
BRDA:157,8,0,0
BRDA:157,8,1,0
BRDA:175,9,0,0
BRDA:175,9,1,0
BRDA:175,10,0,0
BRDA:175,10,1,0
BRF:23
BRH:0
end_of_record
TN:
SF:/Users/davidhelmer/Work/NodeJS/fetch-salesforce/build/lib/salesforceOptions.js
FN:8,withDefaults
FN:16,formatApiVersion
FNF:2
FNH:2
FNDA:52,withDefaults
FNDA:15,formatApiVersion
DA:2,8
DA:3,8
DA:4,8
DA:9,52
DA:10,52
DA:11,52
DA:12,52
DA:13,52
DA:15,8
DA:17,15
DA:19,8
LF:11
LH:11
BRF:0
BRH:0
end_of_record
